<?xml version="1.0" encoding="UTF-8"?>
<!-- Generated by org.testng.reporters.JUnitReportReporter -->
<testsuite hostname="DESKTOP-U3JSRN1" failures="0" tests="5" name="com.crm.qa.tests.SuccessStatusTestforIPManagement" time="103.335" errors="0" timestamp="2023-04-04T16:08:17 BDT" skipped="0">
  <testcase classname="com.crm.qa.tests.SuccessStatusTestforIPManagement" name="IPListTest" time="20.753"/>
  <system-out/>
  <testcase classname="com.crm.qa.tests.SuccessStatusTestforIPManagement" name="TestIPBundleLink" time="20.158"/>
  <system-out/>
  <testcase classname="com.crm.qa.tests.SuccessStatusTestforIPManagement" name="TestLotsNameWithIpBundleList" time="22.203"/>
  <system-out/>
  <testcase classname="com.crm.qa.tests.SuccessStatusTestforIPManagement" name="TestServerLockScheduleList" time="19.208"/>
  <system-out/>
  <testcase classname="com.crm.qa.tests.SuccessStatusTestforIPManagement" name="TestCountriesWithIPBundleList" time="21.013"/>
  <system-out/>
</testsuite> <!-- com.crm.qa.tests.SuccessStatusTestforIPManagement -->
