<?xml version="1.0" encoding="UTF-8"?>
<!-- Generated by org.testng.reporters.JUnitReportReporter -->
<testsuite hostname="DESKTOP-U3JSRN1" failures="0" tests="1" name="com.addpinvalidity.positive.GenericFormField" time="62.602" errors="0" timestamp="2023-09-26T18:28:55 BDT" skipped="0">
  <testcase classname="com.addpinvalidity.positive.GenericFormField" name="checktheresultbyputtingdatacontainfractionalvaluefortheNumberofDaysField_TC_SAD_APV_N004" time="62.602"/>
  <system-out/>
</testsuite> <!-- com.addpinvalidity.positive.GenericFormField -->
