<?xml version="1.0" encoding="UTF-8"?>
<!-- Generated by org.testng.reporters.JUnitReportReporter -->
<testsuite hostname="DESKTOP-U3JSRN1" failures="0" tests="1" name="com.admin.qa.tests.TestforSearchandFilterSectionInResellerListPage" time="11.620" errors="0" timestamp="2022-06-06T10:32:33 BDT" skipped="0">
  <testcase classname="com.admin.qa.tests.TestforSearchandFilterSectionInResellerListPage" name="LoginSearchTextwithTestTest" time="11.620"/>
  <system-out/>
</testsuite> <!-- com.admin.qa.tests.TestforSearchandFilterSectionInResellerListPage -->
