<?xml version="1.0" encoding="UTF-8"?>
<!-- Generated by org.testng.reporters.JUnitReportReporter -->
<testsuite hostname="Anika" failures="0" tests="1" name="com.add_push_template.qa.test.TemplateName" time="43.815" errors="0" timestamp="2024-02-22T13:20:25 BDT" skipped="0">
  <testcase classname="com.add_push_template.qa.test.TemplateName" name="enter_text_and_navigate_through_the_template_name_field_using_the_tab_key" time="43.815"/>
  <system-out/>
</testsuite> <!-- com.add_push_template.qa.test.TemplateName -->
