<?xml version="1.0" encoding="UTF-8"?>
<!-- Generated by org.testng.reporters.JUnitReportReporter -->
<testsuite hostname="DESKTOP-U3JSRN1" failures="0" tests="5" name="com.crm.qa.tests.SuccessStatusTestforServerConnectionSection" time="101.476" errors="0" timestamp="2023-04-13T15:01:49 BDT" skipped="0">
  <testcase classname="com.crm.qa.tests.SuccessStatusTestforServerConnectionSection" name="TestHourlyServerConnectionLink" time="20.386"/>
  <system-out/>
  <testcase classname="com.crm.qa.tests.SuccessStatusTestforServerConnectionSection" name="TestHourlyMaxConnectionLink" time="21.004"/>
  <system-out/>
  <testcase classname="com.crm.qa.tests.SuccessStatusTestforServerConnectionSection" name="TestServerWiseConnectionLink" time="21.697"/>
  <system-out/>
  <testcase classname="com.crm.qa.tests.SuccessStatusTestforServerConnectionSection" name="TestUserSessionReportLink" time="18.499"/>
  <system-out/>
  <testcase classname="com.crm.qa.tests.SuccessStatusTestforServerConnectionSection" name="TestUserSessionDetailsReportLink" time="19.890"/>
  <system-out/>
</testsuite> <!-- com.crm.qa.tests.SuccessStatusTestforServerConnectionSection -->
