<?xml version="1.0" encoding="UTF-8"?>
<!-- Generated by org.testng.reporters.JUnitReportReporter -->
<testsuite hostname="DESKTOP-U3JSRN1" failures="0" tests="1" name="com.crm.qa.tests.SuccessStatusTestforSSLCommerzTransactionSection" time="24.650" errors="0" timestamp="2023-04-13T12:58:25 BDT" skipped="0">
  <testcase classname="com.crm.qa.tests.SuccessStatusTestforSSLCommerzTransactionSection" name="TestopenSuccessTNXLast30ReportLink" time="24.650"/>
  <system-out/>
</testsuite> <!-- com.crm.qa.tests.SuccessStatusTestforSSLCommerzTransactionSection -->
