<?xml version="1.0" encoding="UTF-8"?>
<!-- Generated by org.testng.reporters.JUnitReportReporter -->
<testsuite hostname="DESKTOP-U3JSRN1" failures="0" tests="2" name="com.crm.qa.tests.SuccessStatusTestforMailReport" time="69.983" errors="0" timestamp="2022-06-22T17:13:53 BDT" skipped="0">
  <testcase classname="com.crm.qa.tests.SuccessStatusTestforMailReport" name="TestMailListLink" time="34.699"/>
  <system-out/>
  <testcase classname="com.crm.qa.tests.SuccessStatusTestforMailReport" name="TestResellersMailListLink" time="35.284"/>
  <system-out/>
</testsuite> <!-- com.crm.qa.tests.SuccessStatusTestforMailReport -->
