<?xml version="1.0" encoding="UTF-8"?>
<!-- Generated by org.testng.reporters.JUnitReportReporter -->
<testsuite hostname="DESKTOP-U3JSRN1" failures="0" tests="4" name="com.crm.qa.tests.SuccessStatusTestforResellerRprtOnlinePINSection" time="70.337" errors="0" timestamp="2023-04-13T15:55:20 BDT" skipped="0">
  <testcase classname="com.crm.qa.tests.SuccessStatusTestforResellerRprtOnlinePINSection" name="TestBDPlusOnlineActiveSubscriptionLink" time="16.386"/>
  <system-out/>
  <testcase classname="com.crm.qa.tests.SuccessStatusTestforResellerRprtOnlinePINSection" name="TestAllOnlineTransactionLink" time="18.673"/>
  <system-out/>
  <testcase classname="com.crm.qa.tests.SuccessStatusTestforResellerRprtOnlinePINSection" name="TestKeymaxOnlineActiveSubscriptionLink" time="17.780"/>
  <system-out/>
  <testcase classname="com.crm.qa.tests.SuccessStatusTestforResellerRprtOnlinePINSection" name="TestRedcardOnlineActiveSubscriptionLink" time="17.498"/>
  <system-out/>
</testsuite> <!-- com.crm.qa.tests.SuccessStatusTestforResellerRprtOnlinePINSection -->
