<?xml version="1.0" encoding="UTF-8"?>
<!-- Generated by org.testng.reporters.JUnitReportReporter -->
<testsuite hostname="DESKTOP-U3JSRN1" failures="0" tests="10" name="com.crm.qa.tests.SuccessStatusTestforPINsSection" time="166.205" errors="0" timestamp="2023-04-04T15:45:53 BDT" skipped="0">
  <testcase classname="com.crm.qa.tests.SuccessStatusTestforPINsSection" name="TestDeviceWiseResellerPinsLink" time="16.567"/>
  <system-out/>
  <testcase classname="com.crm.qa.tests.SuccessStatusTestforPINsSection" name="TestResellerConnectedUsersLink" time="15.357"/>
  <system-out/>
  <testcase classname="com.crm.qa.tests.SuccessStatusTestforPINsSection" name="TestSuspiciousBlockPinListLink" time="14.846"/>
  <system-out/>
  <testcase classname="com.crm.qa.tests.SuccessStatusTestforPINsSection" name="TestLotsNameListLink" time="21.370"/>
  <system-out/>
  <testcase classname="com.crm.qa.tests.SuccessStatusTestforPINsSection" name="TestPinListLinks" time="17.972"/>
  <system-out/>
  <testcase classname="com.crm.qa.tests.SuccessStatusTestforPINsSection" name="TestRadCheckPinsLink" time="18.419"/>
  <system-out/>
  <testcase classname="com.crm.qa.tests.SuccessStatusTestforPINsSection" name="TestReturnPinRequestListLink" time="14.804"/>
  <system-out/>
  <testcase classname="com.crm.qa.tests.SuccessStatusTestforPINsSection" name="TestonlinePinActivation2Link" time="14.451"/>
  <system-out/>
  <testcase classname="com.crm.qa.tests.SuccessStatusTestforPINsSection" name="TestLotsPinValidityLink" time="16.714"/>
  <system-out/>
  <testcase classname="com.crm.qa.tests.SuccessStatusTestforPINsSection" name="TestPinMigrationLink" time="15.705"/>
  <system-out/>
</testsuite> <!-- com.crm.qa.tests.SuccessStatusTestforPINsSection -->
