<?xml version="1.0" encoding="UTF-8"?>
<!-- Generated by org.testng.reporters.JUnitReportReporter -->
<testsuite hostname="DESKTOP-SD7Q9RA" failures="0" tests="9" name="com.crm.qa.tests.SuccessStatusTestforPINsSection" time="251.792" errors="0" timestamp="2023-03-19T00:11:57 BDT" skipped="0">
  <testcase classname="com.crm.qa.tests.SuccessStatusTestforPINsSection" name="TestLotsPinValidityLink" time="29.392"/>
  <system-out/>
  <testcase classname="com.crm.qa.tests.SuccessStatusTestforPINsSection" name="TestPinMigrationLink" time="47.595"/>
  <system-out/>
  <testcase classname="com.crm.qa.tests.SuccessStatusTestforPINsSection" name="TestDeviceWiseResellerPinsLink" time="37.870"/>
  <system-out/>
  <testcase classname="com.crm.qa.tests.SuccessStatusTestforPINsSection" name="TestReturnPinRequestListLink" time="16.520"/>
  <system-out/>
  <testcase classname="com.crm.qa.tests.SuccessStatusTestforPINsSection" name="TestResellerConnectedUsersLink" time="22.574"/>
  <system-out/>
  <testcase classname="com.crm.qa.tests.SuccessStatusTestforPINsSection" name="TestLotsNameListLink" time="44.563"/>
  <system-out/>
  <testcase classname="com.crm.qa.tests.SuccessStatusTestforPINsSection" name="TestSuspiciousBlockPinListLink" time="19.794"/>
  <system-out/>
  <testcase classname="com.crm.qa.tests.SuccessStatusTestforPINsSection" name="TestonlinePinActivation2Link" time="16.281"/>
  <system-out/>
  <testcase classname="com.crm.qa.tests.SuccessStatusTestforPINsSection" name="TestRadCheckPinsLink" time="17.203"/>
  <system-out/>
</testsuite> <!-- com.crm.qa.tests.SuccessStatusTestforPINsSection -->
