<?xml version="1.0" encoding="UTF-8"?>
<!-- Generated by org.testng.reporters.JUnitReportReporter -->
<testsuite hostname="Anika" failures="0" tests="1" name="com.add_new_app.qa.test.AppIDFieldTest" time="49.597" errors="0" timestamp="2024-03-07T16:44:29 BDT" skipped="0">
  <testcase classname="com.add_new_app.qa.test.AppIDFieldTest" name="enter_text_and_navigate_through_the_input_field_using_the_tab_key" time="49.597"/>
  <system-out/>
</testsuite> <!-- com.add_new_app.qa.test.AppIDFieldTest -->
