<?xml version="1.0" encoding="UTF-8"?>
<!-- Generated by org.testng.reporters.JUnitReportReporter -->
<testsuite hostname="DESKTOP-U3JSRN1" failures="0" tests="3" name="com.crm.qa.tests.SuccessStatusTestforResellerSection" time="31.079" errors="0" timestamp="2022-06-27T11:39:18 BDT" skipped="0">
  <testcase classname="com.crm.qa.tests.SuccessStatusTestforResellerSection" name="TestindexLink" time="11.162"/>
  <system-out/>
  <testcase classname="com.crm.qa.tests.SuccessStatusTestforResellerSection" name="TestAllResellerListLink" time="11.478"/>
  <system-out/>
  <testcase classname="com.crm.qa.tests.SuccessStatusTestforResellerSection" name="TestAddFormReseller4Link" time="8.439"/>
  <system-out/>
</testsuite> <!-- com.crm.qa.tests.SuccessStatusTestforResellerSection -->
