<?xml version="1.0" encoding="UTF-8"?>
<!-- Generated by org.testng.reporters.JUnitReportReporter -->
<testsuite hostname="Anika" failures="0" tests="1" name="com.add_new_app.qa.test.AppNameFieldTest" time="31.890" errors="0" timestamp="2024-03-03T16:31:03 BDT" skipped="0">
  <testcase classname="com.add_new_app.qa.test.AppNameFieldTest" name="enter_empty_text_into_the_app_key_field" time="31.890"/>
  <system-out/>
</testsuite> <!-- com.add_new_app.qa.test.AppNameFieldTest -->
