<?xml version="1.0" encoding="UTF-8"?>
<!-- Generated by org.testng.reporters.JUnitReportReporter -->
<testsuite hostname="Anika" failures="0" tests="1" name="com.rate.test.AddNewratePlanDescriptionFieldTest" time="43.546" errors="0" timestamp="2024-03-11T15:37:02 BDT" skipped="0">
  <testcase classname="com.rate.test.AddNewratePlanDescriptionFieldTest" name="enter_text_then_clear_the_input_text_field" time="43.546"/>
  <system-out/>
</testsuite> <!-- com.rate.test.AddNewratePlanDescriptionFieldTest -->
