<?xml version="1.0" encoding="UTF-8"?>
<!-- Generated by org.testng.reporters.JUnitReportReporter -->
<testsuite hostname="DESKTOP-U3JSRN1" failures="0" tests="3" name="com.crm.qa.tests.SuccessStatusTestforApplicationSection" time="51.236" errors="0" timestamp="2023-04-06T15:26:55 BDT" skipped="0">
  <testcase classname="com.crm.qa.tests.SuccessStatusTestforApplicationSection" name="TestApplicationSettingsLink" time="16.106"/>
  <system-out/>
  <testcase classname="com.crm.qa.tests.SuccessStatusTestforApplicationSection" name="TestOtherAdminPanelLink" time="16.393"/>
  <system-out/>
  <testcase classname="com.crm.qa.tests.SuccessStatusTestforApplicationSection" name="TestProfileInfoLink" time="18.737"/>
  <system-out/>
</testsuite> <!-- com.crm.qa.tests.SuccessStatusTestforApplicationSection -->
