<?xml version="1.0" encoding="UTF-8"?>
<!-- Generated by org.testng.reporters.JUnitReportReporter -->
<testsuite hostname="DESKTOP-U3JSRN1" failures="0" tests="2" name="com.admin.qa.tests.LoginPageTest" time="11.098" errors="0" timestamp="2021-10-31T13:58:31 BDT" skipped="0">
  <testcase classname="com.admin.qa.tests.LoginPageTest" name="loginPageTitleTest" time="4.874"/>
  <system-out/>
  <testcase classname="com.admin.qa.tests.LoginPageTest" name="loginTest" time="6.224"/>
  <system-out/>
</testsuite> <!-- com.admin.qa.tests.LoginPageTest -->
