<?xml version="1.0" encoding="UTF-8"?>
<!-- Generated by org.testng.reporters.JUnitReportReporter -->
<testsuite hostname="DESKTOP-SD7Q9RA" failures="0" tests="1" name="com.rate.test.AddNewratePlanFieldTest" time="91.513" errors="0" timestamp="2024-03-09T21:27:59 BDT" skipped="0">
  <testcase classname="com.rate.test.AddNewratePlanFieldTest" name="TestAddNewServerBlankForm" time="91.513"/>
  <system-out/>
</testsuite> <!-- com.rate.test.AddNewratePlanFieldTest -->
