<?xml version="1.0" encoding="UTF-8"?>
<!-- Generated by org.testng.reporters.JUnitReportReporter -->
<testsuite hostname="DESKTOP-U3JSRN1" failures="0" tests="3" name="com.crm.qa.tests.SuccessStatusTestforApplicationSection" time="25.381" errors="0" timestamp="2022-06-28T15:11:16 BDT" skipped="0">
  <testcase classname="com.crm.qa.tests.SuccessStatusTestforApplicationSection" name="TestApplicationSettingsLink" time="7.075"/>
  <system-out/>
  <testcase classname="com.crm.qa.tests.SuccessStatusTestforApplicationSection" name="TestOtherAdminPanelLink" time="8.111"/>
  <system-out/>
  <testcase classname="com.crm.qa.tests.SuccessStatusTestforApplicationSection" name="TestProfileInfoLink" time="10.195"/>
  <system-out/>
</testsuite> <!-- com.crm.qa.tests.SuccessStatusTestforApplicationSection -->
