<?xml version="1.0" encoding="UTF-8"?>
<!-- Generated by org.testng.reporters.JUnitReportReporter -->
<testsuite hostname="DESKTOP-SD7Q9RA" failures="0" tests="2" name="com.crm.qa.tests.SuccessStatusReportsOfflinePINSection" time="39.936" errors="0" timestamp="2023-03-17T21:19:14 BDT" skipped="0">
  <testcase classname="com.crm.qa.tests.SuccessStatusReportsOfflinePINSection" name="TestActivePinsReportPageLink" time="19.854"/>
  <system-out/>
  <testcase classname="com.crm.qa.tests.SuccessStatusReportsOfflinePINSection" name="TestHourlyActivePinsReportLink" time="20.082"/>
  <system-out/>
</testsuite> <!-- com.crm.qa.tests.SuccessStatusReportsOfflinePINSection -->
