<?xml version="1.0" encoding="UTF-8"?>
<!-- Generated by org.testng.reporters.JUnitReportReporter -->
<testsuite hostname="DESKTOP-U3JSRN1" failures="0" tests="2" name="com.crm.qa.tests.LoginPageTest" time="11.780" errors="0" timestamp="2022-06-21T11:36:18 BDT" skipped="0">
  <testcase classname="com.crm.qa.tests.LoginPageTest" name="loginPageTitleTest" time="3.027"/>
  <system-out/>
  <testcase classname="com.crm.qa.tests.LoginPageTest" name="loginTest" time="8.753"/>
  <system-out/>
</testsuite> <!-- com.crm.qa.tests.LoginPageTest -->
