<?xml version="1.0" encoding="UTF-8"?>
<!-- Generated by org.testng.reporters.JUnitReportReporter -->
<testsuite hostname="DESKTOP-U3JSRN1" failures="0" tests="7" name="com.admin.qa.tests.SuccessStatusTestforCampaignSection" time="92.627" errors="0" timestamp="2022-06-20T11:48:16 BDT" skipped="0">
  <testcase classname="com.admin.qa.tests.SuccessStatusTestforCampaignSection" name="CampaignListLinkTest" time="9.638"/>
  <system-out/>
  <testcase classname="com.admin.qa.tests.SuccessStatusTestforCampaignSection" name="NewCampaignLinkTest" time="11.459"/>
  <system-out/>
  <testcase classname="com.admin.qa.tests.SuccessStatusTestforCampaignSection" name="AffiliatorListLinkTest" time="12.631"/>
  <system-out/>
  <testcase classname="com.admin.qa.tests.SuccessStatusTestforCampaignSection" name="AffiliatorWithdrawTnxLinkTest" time="16.081"/>
  <system-out/>
  <testcase classname="com.admin.qa.tests.SuccessStatusTestforCampaignSection" name="AffiliatorPaymentGatewaysLinkTest" time="12.518"/>
  <system-out/>
  <testcase classname="com.admin.qa.tests.SuccessStatusTestforCampaignSection" name="AffiliatorRequestsLinkTest" time="13.602"/>
  <system-out/>
  <testcase classname="com.admin.qa.tests.SuccessStatusTestforCampaignSection" name="RefferalWithdrawTnxLinkTest" time="16.698"/>
  <system-out/>
</testsuite> <!-- com.admin.qa.tests.SuccessStatusTestforCampaignSection -->
