<?xml version="1.0" encoding="UTF-8"?>
<!-- Generated by org.testng.reporters.JUnitReportReporter -->
<testsuite hostname="DESKTOP-U3JSRN1" failures="0" tests="1" name="com.functional.qa.test.FunctionalTestforUserPINSection" time="32.714" errors="0" timestamp="2023-08-23T15:15:03 BDT" skipped="0">
  <testcase classname="com.functional.qa.test.FunctionalTestforUserPINSection" name="TestAddPINJailForm" time="32.714"/>
  <system-out/>
</testsuite> <!-- com.functional.qa.test.FunctionalTestforUserPINSection -->
