<?xml version="1.0" encoding="UTF-8"?>
<!-- Generated by org.testng.reporters.JUnitReportReporter -->
<testsuite hostname="DESKTOP-U3JSRN1" failures="0" tests="1" name="com.crm.qa.tests.SuccessStatusTestforPINsSection" time="11.881" errors="0" timestamp="2022-06-27T14:15:37 BDT" skipped="0">
  <testcase classname="com.crm.qa.tests.SuccessStatusTestforPINsSection" name="TestPinListLinks" time="11.881"/>
  <system-out/>
</testsuite> <!-- com.crm.qa.tests.SuccessStatusTestforPINsSection -->
