<?xml version="1.0" encoding="UTF-8"?>
<!-- Generated by org.testng.reporters.JUnitReportReporter -->
<testsuite hostname="Anika" failures="0" tests="2" name="com.add_push_template.qa.test.ImageURL" time="109.914" errors="0" timestamp="2024-02-26T13:06:26 BDT" skipped="0">
  <testcase classname="com.add_push_template.qa.test.ImageURL" name="input_image_URL_with_HTTP_into_the_image_URL_field" time="52.242"/>
  <system-out/>
  <testcase classname="com.add_push_template.qa.test.ImageURL" name="load_an_image_change_the_image_on_the_server_and_load_it_again_into_the_image_URL_field" time="57.672"/>
  <system-out/>
</testsuite> <!-- com.add_push_template.qa.test.ImageURL -->
