<?xml version="1.0" encoding="UTF-8"?>
<!-- Generated by org.testng.reporters.JUnitReportReporter -->
<testsuite hostname="DESKTOP-U3JSRN1" failures="0" tests="1" name="com.admin.qa.tests.SuccessStatusTest" time="39.774" errors="0" timestamp="2021-11-09T16:30:42 BDT" skipped="0">
  <testcase classname="com.admin.qa.tests.SuccessStatusTest" name="ResellerTotalSubscriptionLinkTest" time="39.774"/>
  <system-out/>
</testsuite> <!-- com.admin.qa.tests.SuccessStatusTest -->
