<?xml version="1.0" encoding="UTF-8"?>
<!-- Generated by org.testng.reporters.JUnitReportReporter -->
<testsuite hostname="DESKTOP-U3JSRN1" failures="0" tests="3" name="com.crm.qa.tests.SuccessStatusTestforResellerSection" time="52.471" errors="0" timestamp="2023-04-04T15:51:56 BDT" skipped="0">
  <testcase classname="com.crm.qa.tests.SuccessStatusTestforResellerSection" name="TestindexLink" time="18.516"/>
  <system-out/>
  <testcase classname="com.crm.qa.tests.SuccessStatusTestforResellerSection" name="TestAllResellerListLink" time="16.482"/>
  <system-out/>
  <testcase classname="com.crm.qa.tests.SuccessStatusTestforResellerSection" name="TestAddFormReseller4Link" time="17.473"/>
  <system-out/>
</testsuite> <!-- com.crm.qa.tests.SuccessStatusTestforResellerSection -->
