<?xml version="1.0" encoding="UTF-8"?>
<!-- Generated by org.testng.reporters.JUnitReportReporter -->
<testsuite hostname="DESKTOP-U3JSRN1" failures="0" tests="1" name="com.crm.qa.tests.SuccessStatusTestforCampaignSection" time="13.420" errors="0" timestamp="2022-06-22T14:56:36 BDT" skipped="0">
  <testcase classname="com.crm.qa.tests.SuccessStatusTestforCampaignSection" name="CampaignListLinkTest" time="13.420"/>
  <system-out/>
</testsuite> <!-- com.crm.qa.tests.SuccessStatusTestforCampaignSection -->
