<?xml version="1.0" encoding="UTF-8"?>
<!-- Generated by org.testng.reporters.JUnitReportReporter -->
<testsuite hostname="DESKTOP-U3JSRN1" failures="0" tests="2" name="com.crm.qa.tests.SuccessStatusTestforVPNServerSection" time="39.152" errors="0" timestamp="2023-04-04T16:09:56 BDT" skipped="0">
  <testcase classname="com.crm.qa.tests.SuccessStatusTestforVPNServerSection" name="TestindexLink" time="19.555"/>
  <system-out/>
  <testcase classname="com.crm.qa.tests.SuccessStatusTestforVPNServerSection" name="TestAddFormRateLink" time="19.597"/>
  <system-out/>
</testsuite> <!-- com.crm.qa.tests.SuccessStatusTestforVPNServerSection -->
