<?xml version="1.0" encoding="UTF-8"?>
<!-- Generated by org.testng.reporters.JUnitReportReporter -->
<testsuite hostname="DESKTOP-U3JSRN1" failures="0" tests="1" name="com.campaignfunctional.qa.test.AdminRolePermission" time="56.023" errors="0" timestamp="2023-09-24T18:34:15 BDT" skipped="0">
  <testcase classname="com.campaignfunctional.qa.test.AdminRolePermission" name="TestAddNewServerBlankForm" time="56.023"/>
  <system-out/>
</testsuite> <!-- com.campaignfunctional.qa.test.AdminRolePermission -->
