<?xml version="1.0" encoding="UTF-8"?>
<!-- Generated by org.testng.reporters.JUnitReportReporter -->
<testsuite hostname="Anika" failures="0" tests="1" name="com.add_new_app.qa.test.AppNameFieldTest" time="42.470" errors="0" timestamp="2024-03-05T16:12:56 BDT" skipped="0">
  <testcase classname="com.add_new_app.qa.test.AppNameFieldTest" name="enter_text_and_navigate_through_the_input_field_using_the_tab_key" time="42.470"/>
  <system-out/>
</testsuite> <!-- com.add_new_app.qa.test.AppNameFieldTest -->
