<?xml version="1.0" encoding="UTF-8"?>
<!-- Generated by org.testng.reporters.JUnitReportReporter -->
<testsuite hostname="Anika" failures="0" tests="1" name="com.rate.test.AddNewratePlanDescriptionFieldTest" time="36.501" errors="0" timestamp="2024-03-11T12:49:11 BDT" skipped="0">
  <testcase classname="com.rate.test.AddNewratePlanDescriptionFieldTest" name="enter_the_below_minimum_allowed_length_of_characters_into_the_rate_name_field" time="36.501"/>
  <system-out/>
</testsuite> <!-- com.rate.test.AddNewratePlanDescriptionFieldTest -->
