<?xml version="1.0" encoding="UTF-8"?>
<!-- Generated by org.testng.reporters.JUnitReportReporter -->
<testsuite hostname="DESKTOP-U3JSRN1" failures="0" tests="2" name="com.crm.qa.tests.SuccessStatusTestforRateSection" time="38.109" errors="0" timestamp="2023-04-04T15:53:41 BDT" skipped="0">
  <testcase classname="com.crm.qa.tests.SuccessStatusTestforRateSection" name="TestindexLink" time="20.975"/>
  <system-out/>
  <testcase classname="com.crm.qa.tests.SuccessStatusTestforRateSection" name="TestAddFormRateLink" time="17.134"/>
  <system-out/>
</testsuite> <!-- com.crm.qa.tests.SuccessStatusTestforRateSection -->
