<?xml version="1.0" encoding="UTF-8"?>
<!-- Generated by org.testng.reporters.JUnitReportReporter -->
<testsuite hostname="DESKTOP-U3JSRN1" failures="0" tests="4" name="com.crm.qa.tests.SuccessStatusTestforPushManagementSection" time="35.431" errors="0" timestamp="2022-06-28T14:36:08 BDT" skipped="0">
  <testcase classname="com.crm.qa.tests.SuccessStatusTestforPushManagementSection" name="TestNoticeForUserListLink" time="7.610"/>
  <system-out/>
  <testcase classname="com.crm.qa.tests.SuccessStatusTestforPushManagementSection" name="TestPendingPushListLink" time="9.430"/>
  <system-out/>
  <testcase classname="com.crm.qa.tests.SuccessStatusTestforPushManagementSection" name="TestPushTemplateListLink" time="8.571"/>
  <system-out/>
  <testcase classname="com.crm.qa.tests.SuccessStatusTestforPushManagementSection" name="TestSendPushFormListLink" time="9.820"/>
  <system-out/>
</testsuite> <!-- com.crm.qa.tests.SuccessStatusTestforPushManagementSection -->
