<?xml version="1.0" encoding="UTF-8"?>
<!-- Generated by org.testng.reporters.JUnitReportReporter -->
<testsuite hostname="DESKTOP-SD7Q9RA" failures="0" tests="2" name="com.crm.qa.tests.SuccessStatusTestforRateSection" time="34.904" errors="0" timestamp="2023-03-19T01:56:25 BDT" skipped="0">
  <testcase classname="com.crm.qa.tests.SuccessStatusTestforRateSection" name="TestindexLink" time="17.690"/>
  <system-out/>
  <testcase classname="com.crm.qa.tests.SuccessStatusTestforRateSection" name="TestAddFormRateLink" time="17.214"/>
  <system-out/>
</testsuite> <!-- com.crm.qa.tests.SuccessStatusTestforRateSection -->
