<?xml version="1.0" encoding="UTF-8"?>
<!-- Generated by org.testng.reporters.JUnitReportReporter -->
<testsuite hostname="DESKTOP-U3JSRN1" failures="0" tests="1" name="com.crm.qa.tests.LoginPageTest" time="3.850" errors="0" timestamp="2022-07-19T11:49:33 BDT" skipped="0">
  <testcase classname="com.crm.qa.tests.LoginPageTest" name="loginPageTitleTest" time="3.850"/>
  <system-out/>
</testsuite> <!-- com.crm.qa.tests.LoginPageTest -->
