<?xml version="1.0" encoding="UTF-8"?>
<!-- Generated by org.testng.reporters.JUnitReportReporter -->
<testsuite hostname="DESKTOP-U3JSRN1" failures="0" tests="3" name="com.crm.qa.tests.SuccessStatusTestforPaymentRecharge" time="70.244" errors="0" timestamp="2023-04-13T14:41:50 BDT" skipped="0">
  <testcase classname="com.crm.qa.tests.SuccessStatusTestforPaymentRecharge" name="TestReceiptReport" time="20.006"/>
  <system-out/>
  <testcase classname="com.crm.qa.tests.SuccessStatusTestforPaymentRecharge" name="TestRechargedReportLink" time="24.938"/>
  <system-out/>
  <testcase classname="com.crm.qa.tests.SuccessStatusTestforPaymentRecharge" name="TestBalanceRepoprtLink" time="25.300"/>
  <system-out/>
</testsuite> <!-- com.crm.qa.tests.SuccessStatusTestforPaymentRecharge -->
