<?xml version="1.0" encoding="UTF-8"?>
<!-- Generated by org.testng.reporters.JUnitReportReporter -->
<testsuite hostname="DESKTOP-U3JSRN1" failures="0" tests="2" name="com.crm.qa.tests.SuccessStatusTestforCampaignSection" time="46.203" errors="0" timestamp="2022-06-22T16:07:29 BDT" skipped="0">
  <testcase classname="com.crm.qa.tests.SuccessStatusTestforCampaignSection" name="NewCampaignLinkTest" time="16.812"/>
  <system-out/>
  <testcase classname="com.crm.qa.tests.SuccessStatusTestforCampaignSection" name="AffiliatorListLinkTest" time="29.391"/>
  <system-out/>
</testsuite> <!-- com.crm.qa.tests.SuccessStatusTestforCampaignSection -->
