<?xml version="1.0" encoding="UTF-8"?>
<!-- Generated by org.testng.reporters.JUnitReportReporter -->
<testsuite hostname="Anika" failures="0" tests="2" name="com.add_push_template.qa.test.MessageFieldTest" time="79.491" errors="0" timestamp="2024-03-03T09:26:40 BDT" skipped="0">
  <testcase classname="com.add_push_template.qa.test.MessageFieldTest" name="check_with_empty_text_in_the_message_field" time="41.195"/>
  <system-out/>
  <testcase classname="com.add_push_template.qa.test.MessageFieldTest" name="paste_the_text_into_the_message_field_using_the_paste_action" time="38.296"/>
  <system-out/>
</testsuite> <!-- com.add_push_template.qa.test.MessageFieldTest -->
