<?xml version="1.0" encoding="UTF-8"?>
<!-- Generated by org.testng.reporters.JUnitReportReporter -->
<testsuite hostname="DESKTOP-U3JSRN1" failures="0" tests="1" name="com.functional.qa.test.FunctionalTestforPushManagementSection" time="23.444" errors="0" timestamp="2023-09-11T16:51:03 BDT" skipped="0">
  <testcase classname="com.functional.qa.test.FunctionalTestforPushManagementSection" name="TestSendPushtoUserForm" time="23.444"/>
  <system-out/>
</testsuite> <!-- com.functional.qa.test.FunctionalTestforPushManagementSection -->
