<?xml version="1.0" encoding="UTF-8"?>
<!-- Generated by org.testng.reporters.JUnitReportReporter -->
<testsuite hostname="DESKTOP-U3JSRN1" failures="0" tests="1" name="com.campaignfunctional.qa.test.FunctionalTestforUserCampaignSection" time="27.758" errors="0" timestamp="2023-09-19T16:50:47 BDT" skipped="0">
  <testcase classname="com.campaignfunctional.qa.test.FunctionalTestforUserCampaignSection" name="TestNewAdminCreationkForm" time="27.758"/>
  <system-out/>
</testsuite> <!-- com.campaignfunctional.qa.test.FunctionalTestforUserCampaignSection -->
