<?xml version="1.0" encoding="UTF-8"?>
<!-- Generated by org.testng.reporters.JUnitReportReporter -->
<testsuite hostname="DESKTOP-U3JSRN1" failures="0" tests="3" name="com.crm.qa.tests.SuccessStatusTestforMailReport" time="53.454" errors="0" timestamp="2023-04-13T13:50:16 BDT" skipped="0">
  <testcase classname="com.crm.qa.tests.SuccessStatusTestforMailReport" name="TestMailListLink" time="18.234"/>
  <system-out/>
  <testcase classname="com.crm.qa.tests.SuccessStatusTestforMailReport" name="TestPromotionalEmailsListLink" time="18.193"/>
  <system-out/>
  <testcase classname="com.crm.qa.tests.SuccessStatusTestforMailReport" name="TestResellersMailListLink" time="17.027"/>
  <system-out/>
</testsuite> <!-- com.crm.qa.tests.SuccessStatusTestforMailReport -->
