<?xml version="1.0" encoding="UTF-8"?>
<!-- Generated by org.testng.reporters.JUnitReportReporter -->
<testsuite hostname="DESKTOP-U3JSRN1" failures="0" tests="5" name="com.crm.qa.tests.SuccessStatusTestforOnlinePINReport" time="123.815" errors="0" timestamp="2022-06-23T12:14:00 BDT" skipped="0">
  <testcase classname="com.crm.qa.tests.SuccessStatusTestforOnlinePINReport" name="TestOnlineSignUpPins_2Link" time="37.756"/>
  <system-out/>
  <testcase classname="com.crm.qa.tests.SuccessStatusTestforOnlinePINReport" name="TestOnlinePinsYallavpnLink" time="11.282"/>
  <system-out/>
  <testcase classname="com.crm.qa.tests.SuccessStatusTestforOnlinePINReport" name="TestWebTransactionReportV2Link" time="14.727"/>
  <system-out/>
  <testcase classname="com.crm.qa.tests.SuccessStatusTestforOnlinePINReport" name="TestOnlinePinsSymlexListLink" time="13.637"/>
  <system-out/>
  <testcase classname="com.crm.qa.tests.SuccessStatusTestforOnlinePINReport" name="TestFreeSignupPinReportListLink" time="46.413"/>
  <system-out/>
</testsuite> <!-- com.crm.qa.tests.SuccessStatusTestforOnlinePINReport -->
