<?xml version="1.0" encoding="UTF-8"?>
<!-- Generated by org.testng.reporters.JUnitReportReporter -->
<testsuite hostname="Anika" failures="0" tests="11" name="com.add_push_template.qa.test.TemplateName" time="483.172" errors="0" timestamp="2024-02-27T15:13:20 BDT" skipped="0">
  <testcase classname="com.add_push_template.qa.test.TemplateName" name="check_with_empty_text_in_the_template_name_field" time="49.684"/>
  <system-out/>
  <testcase classname="com.add_push_template.qa.test.TemplateName" name="enter_a_valid_and_unique_template_name" time="46.945"/>
  <system-out/>
  <testcase classname="com.add_push_template.qa.test.TemplateName" name="enter_the_maximum_number_of_allowed_characters_into_the_template_name_field" time="41.571"/>
  <system-out/>
  <testcase classname="com.add_push_template.qa.test.TemplateName" name="enter_the_minimum_number_of_allowed_characters_into_the_template_name_field" time="42.910"/>
  <system-out/>
  <testcase classname="com.add_push_template.qa.test.TemplateName" name="enter_only_alphabetic_characters_into_the_template_name_field" time="43.600"/>
  <system-out/>
  <testcase classname="com.add_push_template.qa.test.TemplateName" name="enter_only_numeric_characters_into_the_template_name_field" time="40.610"/>
  <system-out/>
  <testcase classname="com.add_push_template.qa.test.TemplateName" name="enter_a_combination_of_alphabetic_and_numeric_characters_into_the_template_name_field" time="40.753"/>
  <system-out/>
  <testcase classname="com.add_push_template.qa.test.TemplateName" name="enter_special_characters_into_the_template_name_field" time="39.500"/>
  <system-out/>
  <testcase classname="com.add_push_template.qa.test.TemplateName" name="enter_text_with_leading_whitespaces" time="40.976"/>
  <system-out/>
  <testcase classname="com.add_push_template.qa.test.TemplateName" name="enter_text_with_trailing_whitespaces" time="51.940"/>
  <system-out/>
  <testcase classname="com.add_push_template.qa.test.TemplateName" name="enter_text_and_navigate_through_the_template_name_field_using_the_tab_key" time="44.683"/>
  <system-out/>
</testsuite> <!-- com.add_push_template.qa.test.TemplateName -->
