<?xml version="1.0" encoding="UTF-8"?>
<!-- Generated by org.testng.reporters.JUnitReportReporter -->
<testsuite hostname="Anika" failures="0" tests="1" name="com.add_push_template.qa.test.URLForAndroid" time="52.873" errors="0" timestamp="2024-02-27T11:05:46 BDT" skipped="0">
  <testcase classname="com.add_push_template.qa.test.URLForAndroid" name="enter_a_valid_URL_in_the_URL_for_the_android_field" time="52.873"/>
  <system-out/>
</testsuite> <!-- com.add_push_template.qa.test.URLForAndroid -->
