<?xml version="1.0" encoding="UTF-8"?>
<!-- Generated by org.testng.reporters.JUnitReportReporter -->
<testsuite hostname="DESKTOP-SD7Q9RA" failures="0" tests="3" name="com.crm.qa.tests.SuccessStatusTestforApplicationSection" time="50.628" errors="0" timestamp="2023-03-17T21:25:24 BDT" skipped="0">
  <testcase classname="com.crm.qa.tests.SuccessStatusTestforApplicationSection" name="TestApplicationSettingsLink" time="15.923"/>
  <system-out/>
  <testcase classname="com.crm.qa.tests.SuccessStatusTestforApplicationSection" name="TestProfileInfoLink" time="17.566"/>
  <system-out/>
  <testcase classname="com.crm.qa.tests.SuccessStatusTestforApplicationSection" name="TestOtherAdminPanelLink" time="17.139"/>
  <system-out/>
</testsuite> <!-- com.crm.qa.tests.SuccessStatusTestforApplicationSection -->
