<?xml version="1.0" encoding="UTF-8"?>
<!-- Generated by org.testng.reporters.JUnitReportReporter -->
<testsuite hostname="DESKTOP-U3JSRN1" failures="0" tests="1" name="com.crm.qa.tests.LoginPageTest" time="13.412" errors="0" timestamp="2022-06-21T17:44:59 BDT" skipped="0">
  <testcase classname="com.crm.qa.tests.LoginPageTest" name="loginTest" time="13.412"/>
  <system-out/>
</testsuite> <!-- com.crm.qa.tests.LoginPageTest -->
