<?xml version="1.0" encoding="UTF-8"?>
<!-- Generated by org.testng.reporters.JUnitReportReporter -->
<testsuite hostname="DESKTOP-U3JSRN1" failures="0" tests="1" name="com.crm.qa.tests.SuccessStatusTestforUserPermissionSection" time="9.396" errors="0" timestamp="2022-06-28T13:01:44 BDT" skipped="0">
  <testcase classname="com.crm.qa.tests.SuccessStatusTestforUserPermissionSection" name="TestRoleUsersListLink" time="9.396"/>
  <system-out/>
</testsuite> <!-- com.crm.qa.tests.SuccessStatusTestforUserPermissionSection -->
