<?xml version="1.0" encoding="UTF-8"?>
<!-- Generated by org.testng.reporters.JUnitReportReporter -->
<testsuite hostname="DESKTOP-U3JSRN1" failures="0" tests="2" name="com.crm.qa.tests.SuccessStatusTestforReportLogSection" time="42.051" errors="0" timestamp="2023-04-13T15:08:40 BDT" skipped="0">
  <testcase classname="com.crm.qa.tests.SuccessStatusTestforReportLogSection" name="TestUserLogLink" time="19.664"/>
  <system-out/>
  <testcase classname="com.crm.qa.tests.SuccessStatusTestforReportLogSection" name="TestAPIPaymentLogLink" time="22.387"/>
  <system-out/>
</testsuite> <!-- com.crm.qa.tests.SuccessStatusTestforReportLogSection -->
