<?xml version="1.0" encoding="UTF-8"?>
<!-- Generated by org.testng.reporters.JUnitReportReporter -->
<testsuite hostname="DESKTOP-U3JSRN1" failures="0" tests="1" name="com.crm.qa.tests.SuccessStatusTestforPINsSection" time="16.443" errors="0" timestamp="2022-06-26T18:12:36 BDT" skipped="0">
  <testcase classname="com.crm.qa.tests.SuccessStatusTestforPINsSection" name="TestPinListLinks" time="16.443"/>
  <system-out/>
</testsuite> <!-- com.crm.qa.tests.SuccessStatusTestforPINsSection -->
