<?xml version="1.0" encoding="UTF-8"?>
<!-- Generated by org.testng.reporters.JUnitReportReporter -->
<testsuite hostname="DESKTOP-U3JSRN1" failures="0" tests="2" name="com.crm.qa.tests.SuccessStatusTestforResellerPanelSection" time="49.693" errors="0" timestamp="2023-04-04T15:57:07 BDT" skipped="0">
  <testcase classname="com.crm.qa.tests.SuccessStatusTestforResellerPanelSection" name="TestindexLink" time="26.613"/>
  <system-out/>
  <testcase classname="com.crm.qa.tests.SuccessStatusTestforResellerPanelSection" name="TestAddFormRateLink" time="23.080"/>
  <system-out/>
</testsuite> <!-- com.crm.qa.tests.SuccessStatusTestforResellerPanelSection -->
