<?xml version="1.0" encoding="UTF-8"?>
<!-- Generated by org.testng.reporters.JUnitReportReporter -->
<testsuite hostname="DESKTOP-U3JSRN1" failures="0" tests="14" name="com.crm.qa.tests.SuccessStatusReportsOfflinePINSection" time="282.184" errors="0" timestamp="2023-04-13T15:44:18 BDT" skipped="0">
  <testcase classname="com.crm.qa.tests.SuccessStatusReportsOfflinePINSection" name="TestPINSubscriptionPageLink" time="19.660"/>
  <system-out/>
  <testcase classname="com.crm.qa.tests.SuccessStatusReportsOfflinePINSection" name="TestReturnPINsReportReportLink" time="21.872"/>
  <system-out/>
  <testcase classname="com.crm.qa.tests.SuccessStatusReportsOfflinePINSection" name="TestReseller4PINAnalysisReportLink" time="20.378"/>
  <system-out/>
  <testcase classname="com.crm.qa.tests.SuccessStatusReportsOfflinePINSection" name="TestResellersTotalActiveSubscriptionReportLink" time="19.475"/>
  <system-out/>
  <testcase classname="com.crm.qa.tests.SuccessStatusReportsOfflinePINSection" name="TestHourlySubscriptionsReportLink" time="19.770"/>
  <system-out/>
  <testcase classname="com.crm.qa.tests.SuccessStatusReportsOfflinePINSection" name="TestResetPINsReportReportLink" time="21.294"/>
  <system-out/>
  <testcase classname="com.crm.qa.tests.SuccessStatusReportsOfflinePINSection" name="TestPackageWiseSubscriptionReportLink" time="20.142"/>
  <system-out/>
  <testcase classname="com.crm.qa.tests.SuccessStatusReportsOfflinePINSection" name="TestResellerPINLoginReportReportLink" time="20.032"/>
  <system-out/>
  <testcase classname="com.crm.qa.tests.SuccessStatusReportsOfflinePINSection" name="TestIndividualSoldPINsReportLink" time="20.316"/>
  <system-out/>
  <testcase classname="com.crm.qa.tests.SuccessStatusReportsOfflinePINSection" name="TestHourlyActivePinsReportLink" time="20.405"/>
  <system-out/>
  <testcase classname="com.crm.qa.tests.SuccessStatusReportsOfflinePINSection" name="TestResellerWiseSoldPINReportLink" time="21.317"/>
  <system-out/>
  <testcase classname="com.crm.qa.tests.SuccessStatusReportsOfflinePINSection" name="TestResellerDailyBALHistoryReportLink" time="19.493"/>
  <system-out/>
  <testcase classname="com.crm.qa.tests.SuccessStatusReportsOfflinePINSection" name="TestReseller4DailySalesLink" time="20.165"/>
  <system-out/>
  <testcase classname="com.crm.qa.tests.SuccessStatusReportsOfflinePINSection" name="TestSymlexPINsalesSummaryByResellerReportLink" time="17.865"/>
  <system-out/>
</testsuite> <!-- com.crm.qa.tests.SuccessStatusReportsOfflinePINSection -->
