<?xml version="1.0" encoding="UTF-8"?>
<!-- Generated by org.testng.reporters.JUnitReportReporter -->
<testsuite hostname="DESKTOP-U3JSRN1" failures="0" tests="2" name="com.admin.qa.tests.SuccessStatusTest" time="28.432" errors="0" timestamp="2022-04-25T11:34:16 BDT" skipped="0">
  <testcase classname="com.admin.qa.tests.SuccessStatusTest" name="AffiliatorRequestLinkTest" time="14.491"/>
  <system-out/>
  <testcase classname="com.admin.qa.tests.SuccessStatusTest" name="ReferralWithdrawTnxLinkTest" time="13.941"/>
  <system-out/>
</testsuite> <!-- com.admin.qa.tests.SuccessStatusTest -->
