<?xml version="1.0" encoding="UTF-8"?>
<!-- Generated by org.testng.reporters.JUnitReportReporter -->
<testsuite hostname="DESKTOP-U3JSRN1" failures="0" tests="6" name="com.crm.qa.tests.SuccessStatusTestforCampaignSection" time="102.663" errors="0" timestamp="2023-04-06T15:24:27 BDT" skipped="0">
  <testcase classname="com.crm.qa.tests.SuccessStatusTestforCampaignSection" name="CampaignListLinkTest" time="17.434"/>
  <system-out/>
  <testcase classname="com.crm.qa.tests.SuccessStatusTestforCampaignSection" name="NewCampaignLinkTest" time="17.387"/>
  <system-out/>
  <testcase classname="com.crm.qa.tests.SuccessStatusTestforCampaignSection" name="AffiliatorListLinkTest" time="16.509"/>
  <system-out/>
  <testcase classname="com.crm.qa.tests.SuccessStatusTestforCampaignSection" name="AffiliatorPaymentGatewaysLinkTest" time="17.587"/>
  <system-out/>
  <testcase classname="com.crm.qa.tests.SuccessStatusTestforCampaignSection" name="AffiliatorRequestsLinkTest" time="17.533"/>
  <system-out/>
  <testcase classname="com.crm.qa.tests.SuccessStatusTestforCampaignSection" name="ReferralWithdrawTnxListPageTest" time="16.213"/>
  <system-out/>
</testsuite> <!-- com.crm.qa.tests.SuccessStatusTestforCampaignSection -->
