<?xml version="1.0" encoding="UTF-8"?>
<!-- Generated by org.testng.reporters.JUnitReportReporter -->
<testsuite hostname="LAPTOP-R3VTKOTJ" failures="0" tests="1" name="com.add_push_template.qa.test.ImageURL" time="45.949" errors="0" timestamp="2024-02-25T17:06:40 BDT" skipped="0">
  <testcase classname="com.add_push_template.qa.test.ImageURL" name="input_image_URL_with_HTTP_into_the_image_URL_field" time="45.949"/>
  <system-out/>
</testsuite> <!-- com.add_push_template.qa.test.ImageURL -->
