<?xml version="1.0" encoding="UTF-8"?>
<!-- Generated by org.testng.reporters.JUnitReportReporter -->
<testsuite hostname="DESKTOP-U3JSRN1" failures="0" tests="1" name="com.admin.qa.tests.SuccessStatusTest" time="20.350" errors="0" timestamp="2021-11-10T18:16:09 BDT" skipped="0">
  <testcase classname="com.admin.qa.tests.SuccessStatusTest" name="AffiliatorPaymantGatewaysLinkTest" time="20.350"/>
  <system-out/>
</testsuite> <!-- com.admin.qa.tests.SuccessStatusTest -->
