<?xml version="1.0" encoding="UTF-8"?>
<!-- Generated by org.testng.reporters.JUnitReportReporter -->
<testsuite hostname="DESKTOP-U3JSRN1" failures="0" tests="1" name="com.functional.qa.test.FunctionalTestforUserPINSection" time="28.765" errors="0" timestamp="2023-08-24T18:18:16 BDT" skipped="0">
  <testcase classname="com.functional.qa.test.FunctionalTestforUserPINSection" name="TestAddNewResellerClientForm" time="28.765"/>
  <system-out/>
</testsuite> <!-- com.functional.qa.test.FunctionalTestforUserPINSection -->
