<?xml version="1.0" encoding="UTF-8"?>
<!-- Generated by org.testng.reporters.JUnitReportReporter -->
<testsuite hostname="DESKTOP-U3JSRN1" failures="0" tests="6" name="com.crm.qa.tests.SuccessStatusTestforUserPermissionSection" time="113.343" errors="0" timestamp="2023-04-04T16:14:16 BDT" skipped="0">
  <testcase classname="com.crm.qa.tests.SuccessStatusTestforUserPermissionSection" name="TestRoleListLink" time="20.981"/>
  <system-out/>
  <testcase classname="com.crm.qa.tests.SuccessStatusTestforUserPermissionSection" name="TestMenusListLink" time="20.068"/>
  <system-out/>
  <testcase classname="com.crm.qa.tests.SuccessStatusTestforUserPermissionSection" name="TestRoleMenuPermissionsListLink" time="19.097"/>
  <system-out/>
  <testcase classname="com.crm.qa.tests.SuccessStatusTestforUserPermissionSection" name="TestUserListLink" time="17.640"/>
  <system-out/>
  <testcase classname="com.crm.qa.tests.SuccessStatusTestforUserPermissionSection" name="TestRoleUsersListLink" time="17.190"/>
  <system-out/>
  <testcase classname="com.crm.qa.tests.SuccessStatusTestforUserPermissionSection" name="TestUserMenuPermissionsListLink" time="18.367"/>
  <system-out/>
</testsuite> <!-- com.crm.qa.tests.SuccessStatusTestforUserPermissionSection -->
