<?xml version="1.0" encoding="UTF-8"?>
<!-- Generated by org.testng.reporters.JUnitReportReporter -->
<testsuite hostname="DESKTOP-U3JSRN1" failures="0" tests="1" name="com.functional.qa.test.FunctionalTestforPushManagementSection" time="68.766" errors="0" timestamp="2023-09-14T18:30:55 BDT" skipped="0">
  <testcase classname="com.functional.qa.test.FunctionalTestforPushManagementSection" name="TestAddNewBannerForm" time="68.766"/>
  <system-out/>
</testsuite> <!-- com.functional.qa.test.FunctionalTestforPushManagementSection -->
