<?xml version="1.0" encoding="UTF-8"?>
<!-- Generated by org.testng.reporters.JUnitReportReporter -->
<testsuite hostname="DESKTOP-U3JSRN1" failures="0" tests="1" name="com.admin.qa.tests.SuccessStatusTestforResellerandPIN" time="18.359" errors="0" timestamp="2022-05-10T12:54:21 BDT" skipped="0">
  <testcase classname="com.admin.qa.tests.SuccessStatusTestforResellerandPIN" name="SinglePINLinkTest" time="18.359"/>
  <system-out/>
</testsuite> <!-- com.admin.qa.tests.SuccessStatusTestforResellerandPIN -->
