<?xml version="1.0" encoding="UTF-8"?>
<!-- Generated by org.testng.reporters.JUnitReportReporter -->
<testsuite hostname="DESKTOP-U3JSRN1" failures="0" tests="1" name="FreeCRMTesting.FreeCRMTest" time="11.709" errors="0" timestamp="2022-06-21T11:59:04 BDT" skipped="0">
  <testcase classname="FreeCRMTesting.FreeCRMTest" name="loginWithCustomerUserTest" time="11.709"/>
  <system-out/>
</testsuite> <!-- FreeCRMTesting.FreeCRMTest -->
