<?xml version="1.0" encoding="UTF-8"?>
<!-- Generated by org.testng.reporters.JUnitReportReporter -->
<testsuite hostname="DESKTOP-U3JSRN1" failures="0" tests="2" name="com.crm.qa.tests.SuccessStatusTestforVPNServerSection" time="129.557" errors="0" timestamp="2022-06-30T16:01:39 BDT" skipped="0">
  <testcase classname="com.crm.qa.tests.SuccessStatusTestforVPNServerSection" name="TestindexLink" time="63.557"/>
  <system-out/>
  <testcase classname="com.crm.qa.tests.SuccessStatusTestforVPNServerSection" name="TestAddFormRateLink" time="66.000"/>
  <system-out/>
</testsuite> <!-- com.crm.qa.tests.SuccessStatusTestforVPNServerSection -->
