<?xml version="1.0" encoding="UTF-8"?>
<!-- Generated by org.testng.reporters.JUnitReportReporter -->
<testsuite hostname="DESKTOP-U3JSRN1" failures="0" tests="1" name="com.crm.qa.tests.ResellerReportsSection" time="17.748" errors="0" timestamp="2023-04-13T13:15:07 BDT" skipped="0">
  <testcase classname="com.crm.qa.tests.ResellerReportsSection" name="TestopenSalesGraphReportLink" time="17.748"/>
  <system-out/>
</testsuite> <!-- com.crm.qa.tests.ResellerReportsSection -->
