<?xml version="1.0" encoding="UTF-8"?>
<!-- Generated by org.testng.reporters.JUnitReportReporter -->
<testsuite hostname="DESKTOP-U3JSRN1" failures="0" tests="7" name="com.admin.qa.tests.SuccessStatusTestforCampaignSection" time="90.717" errors="0" timestamp="2022-06-19T16:39:07 BDT" skipped="0">
  <testcase classname="com.admin.qa.tests.SuccessStatusTestforCampaignSection" name="CampaignListLinkTest" time="9.890"/>
  <system-out/>
  <testcase classname="com.admin.qa.tests.SuccessStatusTestforCampaignSection" name="NewCampaignLinkTest" time="14.599"/>
  <system-out/>
  <testcase classname="com.admin.qa.tests.SuccessStatusTestforCampaignSection" name="AffiliatorListLinkTest" time="11.677"/>
  <system-out/>
  <testcase classname="com.admin.qa.tests.SuccessStatusTestforCampaignSection" name="AffiliatorWithdrawTnxLinkTest" time="13.476"/>
  <system-out/>
  <testcase classname="com.admin.qa.tests.SuccessStatusTestforCampaignSection" name="AffiliatorPaymentGatewaysLinkTest" time="11.672"/>
  <system-out/>
  <testcase classname="com.admin.qa.tests.SuccessStatusTestforCampaignSection" name="AffiliatorRequestsLinkTest" time="16.126"/>
  <system-out/>
  <testcase classname="com.admin.qa.tests.SuccessStatusTestforCampaignSection" name="RefferalWithdrawTnxLinkTest" time="13.277"/>
  <system-out/>
</testsuite> <!-- com.admin.qa.tests.SuccessStatusTestforCampaignSection -->
