<?xml version="1.0" encoding="UTF-8"?>
<!-- Generated by org.testng.reporters.JUnitReportReporter -->
<testsuite hostname="Anika" failures="0" tests="1" name="com.add_push_template.qa.test.TittleFieldTest" time="31.902" errors="0" timestamp="2024-02-22T11:35:07 BDT" skipped="0">
  <testcase classname="com.add_push_template.qa.test.TittleFieldTest" name="paste_the_text_into_the_tittle_field_using_the_paste_action" time="31.902"/>
  <system-out/>
</testsuite> <!-- com.add_push_template.qa.test.TittleFieldTest -->
