<?xml version="1.0" encoding="UTF-8"?>
<!-- Generated by org.testng.reporters.JUnitReportReporter -->
<testsuite hostname="Anika" failures="0" tests="1" name="com.add_push_template.qa.test.ImageURL" time="44.033" errors="0" timestamp="2024-02-22T17:23:51 BDT" skipped="0">
  <testcase classname="com.add_push_template.qa.test.ImageURL" name="input_a_valid_image_URL_in_the_image_URL_field" time="44.033"/>
  <system-out/>
</testsuite> <!-- com.add_push_template.qa.test.ImageURL -->
