<?xml version="1.0" encoding="UTF-8"?>
<!-- Generated by org.testng.reporters.JUnitReportReporter -->
<testsuite hostname="DESKTOP-U3JSRN1" failures="0" tests="1" name="com.campaignfunctional.qa.test.AdminRolePermission" time="33.780" errors="0" timestamp="2023-09-25T14:25:45 BDT" skipped="0">
  <testcase classname="com.campaignfunctional.qa.test.AdminRolePermission" name="TestAddNewServerBlankForm" time="33.780"/>
  <system-out/>
</testsuite> <!-- com.campaignfunctional.qa.test.AdminRolePermission -->
