<?xml version="1.0" encoding="UTF-8"?>
<!-- Generated by org.testng.reporters.JUnitReportReporter -->
<testsuite hostname="Anika" failures="0" tests="1" name="com.add_new_app.qa.test.AppNameFieldTest" time="49.967" errors="0" timestamp="2024-03-04T12:06:22 BDT" skipped="0">
  <testcase classname="com.add_new_app.qa.test.AppNameFieldTest" name="enter_the_above_maximum_allowed_length_of_characters_into_the_app_name_field" time="49.967"/>
  <system-out/>
</testsuite> <!-- com.add_new_app.qa.test.AppNameFieldTest -->
