<?xml version="1.0" encoding="UTF-8"?>
<!-- Generated by org.testng.reporters.JUnitReportReporter -->
<testsuite hostname="Anika" failures="0" tests="1" name="com.add_push_template.qa.test.URLForiOS" time="61.429" errors="0" timestamp="2024-02-27T13:19:51 BDT" skipped="0">
  <testcase classname="com.add_push_template.qa.test.URLForiOS" name="enter_a_valid_URL_in_the_URL_for_the_android_field" time="61.429"/>
  <system-out/>
</testsuite> <!-- com.add_push_template.qa.test.URLForiOS -->
