<?xml version="1.0" encoding="UTF-8"?>
<!-- Generated by org.testng.reporters.JUnitReportReporter -->
<testsuite hostname="DESKTOP-U3JSRN1" failures="0" tests="1" name="com.admin.qa.tests.SuccessStatusTest" time="15.527" errors="0" timestamp="2021-11-02T14:17:35 BDT" skipped="0">
  <testcase classname="com.admin.qa.tests.SuccessStatusTest" name="loginTest" time="15.527"/>
  <system-out/>
</testsuite> <!-- com.admin.qa.tests.SuccessStatusTest -->
