<?xml version="1.0" encoding="UTF-8"?>
<!-- Generated by org.testng.reporters.JUnitReportReporter -->
<testsuite hostname="DESKTOP-U3JSRN1" failures="0" tests="1" name="com.functional.qa.test.FunctionalTestforUserPINSection" time="24.122" errors="0" timestamp="2023-08-24T16:33:22 BDT" skipped="0">
  <testcase classname="com.functional.qa.test.FunctionalTestforUserPINSection" name="TestSendBackgroundorSilentPushtoSinglePINForm" time="24.122"/>
  <system-out/>
</testsuite> <!-- com.functional.qa.test.FunctionalTestforUserPINSection -->
