<?xml version="1.0" encoding="UTF-8"?>
<!-- Generated by org.testng.reporters.JUnitReportReporter -->
<testsuite hostname="Anika" failures="0" tests="1" name="com.add_push_template.qa.test.TitleFieldTest" time="37.515" errors="0" timestamp="2024-03-06T15:32:07 BDT" skipped="0">
  <testcase classname="com.add_push_template.qa.test.TitleFieldTest" name="enter_text_and_navigate_through_the_title_field_using_the_tab_key" time="37.515"/>
  <system-out/>
</testsuite> <!-- com.add_push_template.qa.test.TitleFieldTest -->
